<?xml version="1.0" encoding="UTF-8"?>
<!-- Generated by org.testng.reporters.JUnitReportReporter -->
<testsuite hostname="LAPTOP-R4HB7KO1" failures="0" tests="1" name="extentReports.ToLearnExtentReports" time="0.578" errors="0" timestamp="2025-01-22T11:11:54 IST" skipped="0">
  <testcase classname="extentReports.ToLearnExtentReports" name="createReport" time="0.578"/>
  <system-out/>
</testsuite> <!-- extentReports.ToLearnExtentReports -->
