<?xml version="1.0" encoding="UTF-8"?>
<!-- Generated by org.testng.reporters.JUnitReportReporter -->
<testsuite hostname="LAPTOP-R4HB7KO1" failures="0" tests="1" name="demo.Sample" time="0.010" errors="0" timestamp="2025-01-17T11:48:48 IST" skipped="0">
  <testcase classname="demo.Sample" name="launch" time="0.010"/>
  <system-out>
    <![CDATA[Sample class executed]]>
  </system-out>
</testsuite> <!-- demo.Sample -->
