<?xml version="1.0" encoding="UTF-8"?>
<!-- Generated by org.testng.reporters.JUnitReportReporter -->
<testsuite hostname="LAPTOP-R4HB7KO1" failures="0" tests="1" name="extentReports.ToAddScreenshot" time="6.286" errors="0" timestamp="2025-01-22T11:38:55 IST" skipped="0">
  <testcase classname="extentReports.ToAddScreenshot" name="addScreenshot" time="6.286"/>
  <system-out/>
</testsuite> <!-- extentReports.ToAddScreenshot -->
